<?xml version="1.0" encoding="UTF-8"?>
<!-- Generated by org.testng.reporters.JUnitXMLReporter -->
<testsuite hostname="kishor" ignored="0" name="Test" tests="8" failures="3" timestamp="15 Jan 2020 14:29:44 GMT" time="129.873" errors="0">
  <testcase name="menupagetitleTest" time="0.021" classname="com.qa.Eprocbilling.testCases.MainMenuPageTest">
    <failure type="java.lang.AssertionError" message="expected [kjwd] but found [Main Menu]">
      <![CDATA[java.lang.AssertionError: expected [kjwd] but found [Main Menu]
	at com.qa.Eprocbilling.testCases.MainMenuPageTest.menupagetitleTest(MainMenuPageTest.java:36)
... Removed 31 stack frames]]>
    </failure>
  </testcase> <!-- menupagetitleTest -->
  <testcase name="purchaseLinkTest" time="0.25" classname="com.qa.Eprocbilling.testCases.MainMenuPageTest">
    <failure type="java.lang.AssertionError" message="expected [false] but found [true]">
      <![CDATA[java.lang.AssertionError: expected [false] but found [true]
	at com.qa.Eprocbilling.testCases.MainMenuPageTest.purchaseLinkTest(MainMenuPageTest.java:42)
... Removed 31 stack frames]]>
    </failure>
  </testcase> <!-- purchaseLinkTest -->
  <testcase name="salesLinkTest" time="0.927" classname="com.qa.Eprocbilling.testCases.MainMenuPageTest"/>
  <testcase name="LoginPagetitleTest" time="0.368" classname="com.qa.Eprocbilling.testCases.LoginPageTest"/>
  <testcase name="invalidLoginPageTest" time="0.818" classname="com.qa.Eprocbilling.testCases.LoginPageTest"/>
  <testcase name="invalidpasswordTest" time="1.141" classname="com.qa.Eprocbilling.testCases.LoginPageTest">
    <failure type="java.lang.AssertionError" message="expected [incorrect password
The user/password combination
is not a valid user of the system] but found [incorrect password
The user/password combination
is not a valid user of the system]">
      <![CDATA[java.lang.AssertionError: expected [incorrect password
The user/password combination
is not a valid user of the system] but found [incorrect password
The user/password combination
is not a valid user of the system]
	at com.qa.Eprocbilling.testCases.LoginPageTest.invalidpasswordTest(LoginPageTest.java:57)
... Removed 31 stack frames]]>
    </failure>
  </testcase> <!-- invalidpasswordTest -->
  <testcase name="logoTest" time="0.073" classname="com.qa.Eprocbilling.testCases.LoginPageTest"/>
  <testcase name="validloginPageTest" time="0.332" classname="com.qa.Eprocbilling.testCases.LoginPageTest"/>
</testsuite> <!-- Test -->
